[debug] [2022-06-09T22:19:54.671Z] ----------------------------------------------------------------------
[debug] [2022-06-09T22:19:54.672Z] Command:       /home/chlgustjr41/.nvm/versions/node/v18.2.0/bin/node /home/chlgustjr41/.nvm/versions/node/v18.2.0/bin/firebase init hosting
[debug] [2022-06-09T22:19:54.672Z] CLI Version:   11.0.1
[debug] [2022-06-09T22:19:54.672Z] Platform:      linux
[debug] [2022-06-09T22:19:54.672Z] Node Version:  v18.2.0
[debug] [2022-06-09T22:19:54.673Z] Time:          Thu Jun 09 2022 18:19:54 GMT-0400 (Eastern Daylight Time)
[debug] [2022-06-09T22:19:54.673Z] ----------------------------------------------------------------------
[debug] 
[debug] [2022-06-09T22:19:54.681Z] > command requires scopes: ["email","openid","https://www.googleapis.com/auth/cloudplatformprojects.readonly","https://www.googleapis.com/auth/firebase","https://www.googleapis.com/auth/cloud-platform"]
[debug] [2022-06-09T22:19:54.681Z] > authorizing via signed-in user (choozfood@gmail.com)
[info] 
     ######## #### ########  ######## ########     ###     ######  ########
     ##        ##  ##     ## ##       ##     ##  ##   ##  ##       ##
     ######    ##  ########  ######   ########  #########  ######  ######
     ##        ##  ##    ##  ##       ##     ## ##     ##       ## ##
     ##       #### ##     ## ######## ########  ##     ##  ######  ########

You're about to initialize a Firebase project in this directory:

  /mnt/d/ProjectChooz/chooz-centralized-menu/owner-web

Before we get started, keep in mind:

  * You are currently outside your home directory

[info] 
=== Project Setup
[info] 
[info] First, let's associate this project directory with a Firebase project.
[info] You can create multiple project aliases by running firebase use --add, 
[info] but for now we'll just set up a default project.
[info] 
[info] i  If you want to create a project in a Google Cloud organization or folder, please use "firebase projects:create" instead, and return to this command when you've created the project. 
[debug] [2022-06-09T22:21:30.242Z] >>> [apiv2][query] POST https://cloudresourcemanager.googleapis.com/v1/projects [none]
[debug] [2022-06-09T22:21:30.242Z] >>> [apiv2][body] POST https://cloudresourcemanager.googleapis.com/v1/projects {"projectId":"chooz-centralized-menu","name":"chooz"}
[debug] [2022-06-09T22:21:30.652Z] <<< [apiv2][status] POST https://cloudresourcemanager.googleapis.com/v1/projects 200
[debug] [2022-06-09T22:21:30.652Z] <<< [apiv2][body] POST https://cloudresourcemanager.googleapis.com/v1/projects {"name":"operations/cp.8138318229221049495"}
[debug] [2022-06-09T22:21:30.653Z] >>> [apiv2][query] GET https://cloudresourcemanager.googleapis.com/v1/operations/cp.8138318229221049495 [none]
[debug] [2022-06-09T22:21:31.119Z] <<< [apiv2][status] GET https://cloudresourcemanager.googleapis.com/v1/operations/cp.8138318229221049495 200
[debug] [2022-06-09T22:21:31.119Z] <<< [apiv2][body] GET https://cloudresourcemanager.googleapis.com/v1/operations/cp.8138318229221049495 {"name":"operations/cp.8138318229221049495"}
[debug] [2022-06-09T22:21:31.621Z] [Project Creation Poller] Retrying task index 0
[debug] [2022-06-09T22:21:31.621Z] >>> [apiv2][query] GET https://cloudresourcemanager.googleapis.com/v1/operations/cp.8138318229221049495 [none]
[debug] [2022-06-09T22:21:32.114Z] <<< [apiv2][status] GET https://cloudresourcemanager.googleapis.com/v1/operations/cp.8138318229221049495 200
[debug] [2022-06-09T22:21:32.115Z] <<< [apiv2][body] GET https://cloudresourcemanager.googleapis.com/v1/operations/cp.8138318229221049495 {"name":"operations/cp.8138318229221049495"}
[debug] [2022-06-09T22:21:33.116Z] [Project Creation Poller] Retrying task index 0
[debug] [2022-06-09T22:21:33.116Z] >>> [apiv2][query] GET https://cloudresourcemanager.googleapis.com/v1/operations/cp.8138318229221049495 [none]
[debug] [2022-06-09T22:21:33.623Z] <<< [apiv2][status] GET https://cloudresourcemanager.googleapis.com/v1/operations/cp.8138318229221049495 200
[debug] [2022-06-09T22:21:33.623Z] <<< [apiv2][body] GET https://cloudresourcemanager.googleapis.com/v1/operations/cp.8138318229221049495 {"name":"operations/cp.8138318229221049495","metadata":{"@type":"type.googleapis.com/google.cloudresourcemanager.v1.ProjectCreationStatus","gettable":true,"ready":true},"done":true,"response":{"@type":"type.googleapis.com/google.cloudresourcemanager.v1.Project","projectNumber":"111067325736","projectId":"chooz-centralized-menu","lifecycleState":"ACTIVE","name":"chooz","createTime":"2022-06-09T22:21:31.446Z"}}
[debug] [2022-06-09T22:21:33.625Z] >>> [apiv2][query] POST https://firebase.googleapis.com/v1beta1/projects/chooz-centralized-menu:addFirebase [none]
[debug] [2022-06-09T22:21:35.008Z] <<< [apiv2][status] POST https://firebase.googleapis.com/v1beta1/projects/chooz-centralized-menu:addFirebase 200
[debug] [2022-06-09T22:21:35.009Z] <<< [apiv2][body] POST https://firebase.googleapis.com/v1beta1/projects/chooz-centralized-menu:addFirebase {"name":"operations/workflows/MGVhNmNmY2YtZjQyMC00YzlkLWEzZmItZWUxM2M0ZGQ5YTk5"}
[debug] [2022-06-09T22:21:35.009Z] >>> [apiv2][query] GET https://firebase.googleapis.com/v1beta1/operations/workflows/MGVhNmNmY2YtZjQyMC00YzlkLWEzZmItZWUxM2M0ZGQ5YTk5 [none]
[debug] [2022-06-09T22:21:35.437Z] <<< [apiv2][status] GET https://firebase.googleapis.com/v1beta1/operations/workflows/MGVhNmNmY2YtZjQyMC00YzlkLWEzZmItZWUxM2M0ZGQ5YTk5 200
[debug] [2022-06-09T22:21:35.437Z] <<< [apiv2][body] GET https://firebase.googleapis.com/v1beta1/operations/workflows/MGVhNmNmY2YtZjQyMC00YzlkLWEzZmItZWUxM2M0ZGQ5YTk5 {"name":"operations/workflows/MGVhNmNmY2YtZjQyMC00YzlkLWEzZmItZWUxM2M0ZGQ5YTk5"}
[debug] [2022-06-09T22:21:35.937Z] [Add Firebase Poller] Retrying task index 0
[debug] [2022-06-09T22:21:35.938Z] >>> [apiv2][query] GET https://firebase.googleapis.com/v1beta1/operations/workflows/MGVhNmNmY2YtZjQyMC00YzlkLWEzZmItZWUxM2M0ZGQ5YTk5 [none]
[debug] [2022-06-09T22:21:36.329Z] <<< [apiv2][status] GET https://firebase.googleapis.com/v1beta1/operations/workflows/MGVhNmNmY2YtZjQyMC00YzlkLWEzZmItZWUxM2M0ZGQ5YTk5 200
[debug] [2022-06-09T22:21:36.329Z] <<< [apiv2][body] GET https://firebase.googleapis.com/v1beta1/operations/workflows/MGVhNmNmY2YtZjQyMC00YzlkLWEzZmItZWUxM2M0ZGQ5YTk5 {"name":"operations/workflows/MGVhNmNmY2YtZjQyMC00YzlkLWEzZmItZWUxM2M0ZGQ5YTk5"}
[debug] [2022-06-09T22:21:37.329Z] [Add Firebase Poller] Retrying task index 0
[debug] [2022-06-09T22:21:37.329Z] >>> [apiv2][query] GET https://firebase.googleapis.com/v1beta1/operations/workflows/MGVhNmNmY2YtZjQyMC00YzlkLWEzZmItZWUxM2M0ZGQ5YTk5 [none]
[debug] [2022-06-09T22:21:37.724Z] <<< [apiv2][status] GET https://firebase.googleapis.com/v1beta1/operations/workflows/MGVhNmNmY2YtZjQyMC00YzlkLWEzZmItZWUxM2M0ZGQ5YTk5 200
[debug] [2022-06-09T22:21:37.724Z] <<< [apiv2][body] GET https://firebase.googleapis.com/v1beta1/operations/workflows/MGVhNmNmY2YtZjQyMC00YzlkLWEzZmItZWUxM2M0ZGQ5YTk5 {"name":"operations/workflows/MGVhNmNmY2YtZjQyMC00YzlkLWEzZmItZWUxM2M0ZGQ5YTk5"}
[debug] [2022-06-09T22:21:39.725Z] [Add Firebase Poller] Retrying task index 0
[debug] [2022-06-09T22:21:39.725Z] >>> [apiv2][query] GET https://firebase.googleapis.com/v1beta1/operations/workflows/MGVhNmNmY2YtZjQyMC00YzlkLWEzZmItZWUxM2M0ZGQ5YTk5 [none]
[debug] [2022-06-09T22:21:40.032Z] <<< [apiv2][status] GET https://firebase.googleapis.com/v1beta1/operations/workflows/MGVhNmNmY2YtZjQyMC00YzlkLWEzZmItZWUxM2M0ZGQ5YTk5 200
[debug] [2022-06-09T22:21:40.032Z] <<< [apiv2][body] GET https://firebase.googleapis.com/v1beta1/operations/workflows/MGVhNmNmY2YtZjQyMC00YzlkLWEzZmItZWUxM2M0ZGQ5YTk5 {"name":"operations/workflows/MGVhNmNmY2YtZjQyMC00YzlkLWEzZmItZWUxM2M0ZGQ5YTk5"}
[debug] [2022-06-09T22:21:44.033Z] [Add Firebase Poller] Retrying task index 0
[debug] [2022-06-09T22:21:44.033Z] >>> [apiv2][query] GET https://firebase.googleapis.com/v1beta1/operations/workflows/MGVhNmNmY2YtZjQyMC00YzlkLWEzZmItZWUxM2M0ZGQ5YTk5 [none]
[debug] [2022-06-09T22:21:44.420Z] <<< [apiv2][status] GET https://firebase.googleapis.com/v1beta1/operations/workflows/MGVhNmNmY2YtZjQyMC00YzlkLWEzZmItZWUxM2M0ZGQ5YTk5 200
[debug] [2022-06-09T22:21:44.420Z] <<< [apiv2][body] GET https://firebase.googleapis.com/v1beta1/operations/workflows/MGVhNmNmY2YtZjQyMC00YzlkLWEzZmItZWUxM2M0ZGQ5YTk5 {"name":"operations/workflows/MGVhNmNmY2YtZjQyMC00YzlkLWEzZmItZWUxM2M0ZGQ5YTk5","done":true,"response":{"@type":"type.googleapis.com/google.firebase.service.v1beta1.FirebaseProject","projectId":"chooz-centralized-menu","projectNumber":"111067325736","displayName":"chooz","name":"projects/chooz-centralized-menu","resources":{"hostingSite":"chooz-centralized-menu"}}}
[info] 
[info] 🎉🎉🎉 Your Firebase project is ready! 🎉🎉🎉
[info] 
[info] Project information:
[info]    - Project ID: chooz-centralized-menu
[info]    - Project Name: chooz
[info] 
[info] Firebase console is available at
[info] https://console.firebase.google.com/project/chooz-centralized-menu/overview
[info] i  Using project chooz-centralized-menu (chooz) 
[info] 
=== Hosting Setup
[info] 
[info] Your public directory is the folder (relative to your project directory) that
[info] will contain Hosting assets to be uploaded with firebase deploy. If you
[info] have a build process for your assets, use your build's output directory.
[info] 
